-------------------------------------------------------------------------------
Test set: com.test.service.ProductServiceTest
-------------------------------------------------------------------------------
Tests run: 9, Failures: 5, Errors: 0, Skipped: 0, Time elapsed: 1.595 s <<< FAILURE! -- in com.test.service.ProductServiceTest
com.test.service.ProductServiceTest.shouldThrowExceptionIfCodeExists -- Time elapsed: 1.402 s <<< FAILURE!
org.opentest4j.AssertionFailedError: Unexpected exception type thrown, expected: <java.lang.IllegalArgumentException> but was: <com.syos.exception.ValidationException>
	at org.junit.jupiter.api.AssertionFailureBuilder.build(AssertionFailureBuilder.java:151)
	at org.junit.jupiter.api.AssertThrows.assertThrows(AssertThrows.java:67)
	at org.junit.jupiter.api.AssertThrows.assertThrows(AssertThrows.java:35)
	at org.junit.jupiter.api.Assertions.assertThrows(Assertions.java:3111)
	at com.test.service.ProductServiceTest.shouldThrowExceptionIfCodeExists(ProductServiceTest.java:96)
	at java.base/java.lang.reflect.Method.invoke(Method.java:568)
	at java.base/java.util.ArrayList.forEach(ArrayList.java:1511)
	at java.base/java.util.ArrayList.forEach(ArrayList.java:1511)
Caused by: com.syos.exception.ValidationException: Product code already exists: P003
	at com.syos.service.ProductServiceImpl.addProduct(ProductServiceImpl.java:22)
	at com.test.service.ProductServiceTest.lambda$shouldThrowExceptionIfCodeExists$2(ProductServiceTest.java:97)
	at org.junit.jupiter.api.AssertThrows.assertThrows(AssertThrows.java:53)
	... 6 more

com.test.service.ProductServiceTest.shouldThrowExceptionIfNewNameTooLong -- Time elapsed: 0.027 s <<< FAILURE!
org.opentest4j.AssertionFailedError: Unexpected exception type thrown, expected: <java.lang.IllegalArgumentException> but was: <com.syos.exception.ValidationException>
	at org.junit.jupiter.api.AssertionFailureBuilder.build(AssertionFailureBuilder.java:151)
	at org.junit.jupiter.api.AssertThrows.assertThrows(AssertThrows.java:67)
	at org.junit.jupiter.api.AssertThrows.assertThrows(AssertThrows.java:35)
	at org.junit.jupiter.api.Assertions.assertThrows(Assertions.java:3111)
	at com.test.service.ProductServiceTest.shouldThrowExceptionIfNewNameTooLong(ProductServiceTest.java:140)
	at java.base/java.lang.reflect.Method.invoke(Method.java:568)
	at java.base/java.util.ArrayList.forEach(ArrayList.java:1511)
	at java.base/java.util.ArrayList.forEach(ArrayList.java:1511)
Caused by: com.syos.exception.ValidationException: Product name must be between 2 and 50 characters long
	at com.syos.util.ProductValidator.validateProductName(ProductValidator.java:24)
	at com.syos.service.ProductServiceImpl.updateProductName(ProductServiceImpl.java:34)
	at com.test.service.ProductServiceTest.lambda$shouldThrowExceptionIfNewNameTooLong$4(ProductServiceTest.java:141)
	at org.junit.jupiter.api.AssertThrows.assertThrows(AssertThrows.java:53)
	... 6 more

com.test.service.ProductServiceTest.shouldThrowExceptionIfCodeTooLong -- Time elapsed: 0.009 s <<< FAILURE!
org.opentest4j.AssertionFailedError: Unexpected exception type thrown, expected: <java.lang.IllegalArgumentException> but was: <com.syos.exception.ValidationException>
	at org.junit.jupiter.api.AssertionFailureBuilder.build(AssertionFailureBuilder.java:151)
	at org.junit.jupiter.api.AssertThrows.assertThrows(AssertThrows.java:67)
	at org.junit.jupiter.api.AssertThrows.assertThrows(AssertThrows.java:35)
	at org.junit.jupiter.api.Assertions.assertThrows(Assertions.java:3111)
	at com.test.service.ProductServiceTest.shouldThrowExceptionIfCodeTooLong(ProductServiceTest.java:61)
	at java.base/java.lang.reflect.Method.invoke(Method.java:568)
	at java.base/java.util.ArrayList.forEach(ArrayList.java:1511)
	at java.base/java.util.ArrayList.forEach(ArrayList.java:1511)
Caused by: com.syos.exception.ValidationException: Product code must be at most 10 characters
	at com.syos.util.ProductValidator.validateProductCode(ProductValidator.java:12)
	at com.syos.service.ProductServiceImpl.addProduct(ProductServiceImpl.java:17)
	at com.test.service.ProductServiceTest.lambda$shouldThrowExceptionIfCodeTooLong$0(ProductServiceTest.java:62)
	at org.junit.jupiter.api.AssertThrows.assertThrows(AssertThrows.java:53)
	... 6 more

com.test.service.ProductServiceTest.shouldThrowExceptionIfNameTooLong -- Time elapsed: 0.006 s <<< FAILURE!
org.opentest4j.AssertionFailedError: Unexpected exception type thrown, expected: <java.lang.IllegalArgumentException> but was: <com.syos.exception.ValidationException>
	at org.junit.jupiter.api.AssertionFailureBuilder.build(AssertionFailureBuilder.java:151)
	at org.junit.jupiter.api.AssertThrows.assertThrows(AssertThrows.java:67)
	at org.junit.jupiter.api.AssertThrows.assertThrows(AssertThrows.java:35)
	at org.junit.jupiter.api.Assertions.assertThrows(Assertions.java:3111)
	at com.test.service.ProductServiceTest.shouldThrowExceptionIfNameTooLong(ProductServiceTest.java:78)
	at java.base/java.lang.reflect.Method.invoke(Method.java:568)
	at java.base/java.util.ArrayList.forEach(ArrayList.java:1511)
	at java.base/java.util.ArrayList.forEach(ArrayList.java:1511)
Caused by: com.syos.exception.ValidationException: Product name must be between 2 and 50 characters long
	at com.syos.util.ProductValidator.validateProductName(ProductValidator.java:24)
	at com.syos.service.ProductServiceImpl.addProduct(ProductServiceImpl.java:18)
	at com.test.service.ProductServiceTest.lambda$shouldThrowExceptionIfNameTooLong$1(ProductServiceTest.java:79)
	at org.junit.jupiter.api.AssertThrows.assertThrows(AssertThrows.java:53)
	... 6 more

com.test.service.ProductServiceTest.shouldThrowExceptionIfProductNotFoundForUpdate -- Time elapsed: 0.008 s <<< FAILURE!
org.opentest4j.AssertionFailedError: Unexpected exception type thrown, expected: <java.lang.IllegalArgumentException> but was: <com.syos.exception.ValidationException>
	at org.junit.jupiter.api.AssertionFailureBuilder.build(AssertionFailureBuilder.java:151)
	at org.junit.jupiter.api.AssertThrows.assertThrows(AssertThrows.java:67)
	at org.junit.jupiter.api.AssertThrows.assertThrows(AssertThrows.java:35)
	at org.junit.jupiter.api.Assertions.assertThrows(Assertions.java:3111)
	at com.test.service.ProductServiceTest.shouldThrowExceptionIfProductNotFoundForUpdate(ProductServiceTest.java:157)
	at java.base/java.lang.reflect.Method.invoke(Method.java:568)
	at java.base/java.util.ArrayList.forEach(ArrayList.java:1511)
	at java.base/java.util.ArrayList.forEach(ArrayList.java:1511)
Caused by: com.syos.exception.ValidationException: Product with code NONEXISTENT not found.
	at com.syos.service.ProductServiceImpl.updateProductName(ProductServiceImpl.java:38)
	at com.test.service.ProductServiceTest.lambda$shouldThrowExceptionIfProductNotFoundForUpdate$5(ProductServiceTest.java:158)
	at org.junit.jupiter.api.AssertThrows.assertThrows(AssertThrows.java:53)
	... 6 more

